<?xml version="1.0" encoding="UTF-8" ?>
<testsuite tests="33" failures="1" name="TestCase_Automation.TestCase" time="156.779" errors="0" skipped="32">
  <properties>
[...]
</properties>
  <testcase classname="TestCase_Automation.TestCase" name="beforeClass" time="0">
    <failure message="Failed to connect to binary FirefoxBinary(C:\Program Files (x86)\Mozilla Firefox\firefox.exe) on port 7055; process output follows: 

Build info: version: &apos;2.46.0&apos;, revision: &apos;61506a4624b13675f24581e453592342b7485d71&apos;, time: &apos;2015-06-04 10:22:50&apos;
System info: host: &apos;CrazyGuy-PC&apos;, ip: &apos;169.254.98.206&apos;, os.name: &apos;Windows Vista&apos;, os.arch: &apos;amd64&apos;, os.version: &apos;6.0&apos;, java.version: &apos;1.8.0_45&apos;
Driver info: driver.version: BrowserWebDriver" type="org.openqa.selenium.WebDriverException">org.openqa.selenium.WebDriverException: Failed to connect to binary FirefoxBinary(C:\Program Files (x86)\Mozilla Firefox\firefox.exe) on port 7055; process output follows: 
Build info: version: &apos;2.46.0&apos;, revision: &apos;61506a4624b13675f24581e453592342b7485d71&apos;, time: &apos;2015-06-04 10:22:50&apos;
System info: host: &apos;CrazyGuy-PC&apos;, ip: &apos;169.254.98.206&apos;, os.name: &apos;Windows Vista&apos;, os.arch: &apos;amd64&apos;, os.version: &apos;6.0&apos;, java.version: &apos;1.8.0_45&apos;
Driver info: driver.version: BrowserWebDriver
	at org.openqa.selenium.firefox.internal.NewProfileExtensionConnection.start(NewProfileExtensionConnection.java:132)
	at org.openqa.selenium.firefox.FirefoxDriver.startClient(FirefoxDriver.java:275)
	at org.openqa.selenium.remote.RemoteWebDriver.&lt;init&gt;(RemoteWebDriver.java:116)
	at org.openqa.selenium.firefox.FirefoxDriver.&lt;init&gt;(FirefoxDriver.java:220)
	at org.openqa.selenium.firefox.FirefoxDriver.&lt;init&gt;(FirefoxDriver.java:215)
	at org.openqa.selenium.firefox.FirefoxDriver.&lt;init&gt;(FirefoxDriver.java:211)
	at org.openqa.selenium.firefox.FirefoxDriver.&lt;init&gt;(FirefoxDriver.java:124)
	at TestCase_Automation.BrowserWebDriver.&lt;init&gt;(BrowserWebDriver.java:83)
	at TestCase_Automation.TestCase.beforeClass(TestCase.java:79)
Caused by: org.openqa.selenium.firefox.NotConnectedException: Unable to connect to host 127.0.0.1 on port 7055 after 45000 ms. Firefox console output:

	at org.openqa.selenium.firefox.internal.NewProfileExtensionConnection.start(NewProfileExtensionConnection.java:120)
	... 41 more
</failure>
    <system-out>21:32:41 [afarah] INFO  =&gt;  - ******************* SYSTEM UNDER TEST ***********************
21:32:41 [afarah] INFO  =&gt;  - OS: Windows Vista Architecture: amd64 version: 6.0
21:32:41 [afarah] INFO  =&gt;  - Java run time: Java(TM) SE Runtime Environment Version: 1.8.0_45-b14 Library: c:\Program Files\Java\jdk1.8.0_45\jre\bin;C:\Windows\Sun\Java\bin;C:\Windows\system32;C:\Windows;c:\apache-maven-3.0.5/bin;c:\Program Files\Java\jdk1.8.0_45/bin;c:\Program Files\Java\jdk1.8.0_45/bin;C:\ProgramData\Oracle\Java\javapath;C:\PHP\;C:\Windows\system32;C:\Windows;C:\Windows\System32\Wbem;c:\Program Files (x86)\ATI Technologies\ATI.ACE\Core-Static;C:\PROGRA~2\COMMON~1\ULEADS~1\MPEG;C:\Windows\System32\WindowsPowerShell\v1.0\;C:\Git\cmd;.
21:32:41 [afarah] INFO  =&gt;  - Java vm: Java HotSpot(TM) 64-Bit Server VM version: 25.45-b02
21:32:41 [afarah] INFO  =&gt;  - Logfile: c:/TestNG_logs/regression/&lt;date&gt;/SeleniumTestNG_&lt;time&gt;.log
21:32:41 [afarah] INFO  =&gt;  - ^^^^^^^^^^^^^^^^^^^^^^^^^^^^^^^^^^^^^^^^^^^^^^^^^^^^^^^^^^^^^
21:32:41 [afarah] INFO  =&gt;  - ^^^^^^^^^^^^^^^^^^^^^^^ Test Execution: ^^^^^^^^^^^^^^^^^^^^^
21:32:41 [afarah] INFO  =&gt;  - ^^^^^^^^^^^^^^^^^^^^^^^^^^^^^^^^^^^^^^^^^^^^^^^^^^^^^^^^^^^^^
21:32:42 [afarah] INFO  =&gt;  - ----------------------------------------------------------
21:32:42 [afarah] INFO  =&gt;  -  - Opening &lt;firefox&gt; browser
21:32:42 [afarah] INFO  =&gt;  - ----------------------------------------------------------
</system-out>
    <system-err>org.openqa.selenium.firefox.NotConnectedException: Unable to connect to host 127.0.0.1 on port 7055 after 45000 ms. Firefox console output:

	at org.openqa.selenium.firefox.internal.NewProfileExtensionConnection.start(NewProfileExtensionConnection.java:120)
	at org.openqa.selenium.firefox.FirefoxDriver.startClient(FirefoxDriver.java:275)
	at org.openqa.selenium.remote.RemoteWebDriver.&lt;init&gt;(RemoteWebDriver.java:116)
	at org.openqa.selenium.firefox.FirefoxDriver.&lt;init&gt;(FirefoxDriver.java:220)
	at org.openqa.selenium.firefox.FirefoxDriver.&lt;init&gt;(FirefoxDriver.java:215)
	at org.openqa.selenium.firefox.FirefoxDriver.&lt;init&gt;(FirefoxDriver.java:211)
	at org.openqa.selenium.firefox.FirefoxDriver.&lt;init&gt;(FirefoxDriver.java:124)
	at TestCase_Automation.BrowserWebDriver.&lt;init&gt;(BrowserWebDriver.java:83)
	at TestCase_Automation.TestCase.beforeClass(TestCase.java:79)
	at sun.reflect.NativeMethodAccessorImpl.invoke0(Native Method)
	at sun.reflect.NativeMethodAccessorImpl.invoke(NativeMethodAccessorImpl.java:62)
	at sun.reflect.DelegatingMethodAccessorImpl.invoke(DelegatingMethodAccessorImpl.java:43)
	at java.lang.reflect.Method.invoke(Method.java:497)
	at org.testng.internal.MethodInvocationHelper.invokeMethod(MethodInvocationHelper.java:84)
	at org.testng.internal.Invoker.invokeConfigurationMethod(Invoker.java:564)
	at org.testng.internal.Invoker.invokeConfigurations(Invoker.java:213)
	at org.testng.internal.Invoker.invokeConfigurations(Invoker.java:138)
	at org.testng.internal.TestMethodWorker.invokeBeforeClassMethods(TestMethodWorker.java:175)
	at org.testng.internal.TestMethodWorker.run(TestMethodWorker.java:107)
	at org.testng.TestRunner.privateRun(TestRunner.java:767)
	at org.testng.TestRunner.run(TestRunner.java:617)
	at org.testng.SuiteRunner.runTest(SuiteRunner.java:348)
	at org.testng.SuiteRunner.runSequentially(SuiteRunner.java:343)
	at org.testng.SuiteRunner.privateRun(SuiteRunner.java:305)
	at org.testng.SuiteRunner.run(SuiteRunner.java:254)
	at org.testng.SuiteRunnerWorker.runSuite(SuiteRunnerWorker.java:52)
	at org.testng.SuiteRunnerWorker.run(SuiteRunnerWorker.java:86)
	at org.testng.TestNG.runSuitesSequentially(TestNG.java:1224)
	at org.testng.TestNG.runSuitesLocally(TestNG.java:1149)
	at org.testng.TestNG.run(TestNG.java:1057)
	at org.apache.maven.surefire.testng.TestNGExecutor.run(TestNGExecutor.java:70)
	at org.apache.maven.surefire.testng.TestNGDirectoryTestSuite.execute(TestNGDirectoryTestSuite.java:109)
	at org.apache.maven.surefire.testng.TestNGProvider.invoke(TestNGProvider.java:111)
	at sun.reflect.NativeMethodAccessorImpl.invoke0(Native Method)
	at sun.reflect.NativeMethodAccessorImpl.invoke(NativeMethodAccessorImpl.java:62)
	at sun.reflect.DelegatingMethodAccessorImpl.invoke(DelegatingMethodAccessorImpl.java:43)
	at java.lang.reflect.Method.invoke(Method.java:497)
	at org.apache.maven.surefire.util.ReflectionUtils.invokeMethodWithArray(ReflectionUtils.java:164)
	at org.apache.maven.surefire.booter.ProviderFactory$ProviderProxy.invoke(ProviderFactory.java:110)
	at org.apache.maven.surefire.booter.SurefireStarter.invokeProvider(SurefireStarter.java:175)
	at org.apache.maven.surefire.booter.SurefireStarter.runSuitesInProcessWhenForked(SurefireStarter.java:107)
	at org.apache.maven.surefire.booter.ForkedBooter.main(ForkedBooter.java:68)
Jul 04, 2015 9:34:30 PM org.openqa.selenium.os.UnixProcess$SeleniumWatchDog destroyHarder
INFO: Command failed to close cleanly. Destroying forcefully (v2). org.openqa.selenium.os.UnixProcess$SeleniumWatchDog@1c39680d
</system-err>
  </testcase>
  <testcase classname="TestCase_Automation.TestCase" name="beforeMethod" time="1.992">
    <skipped/>
  </testcase>
  <testcase classname="TestCase_Automation.TestCase" name="Test1" time="0">
    <skipped/>
  </testcase>
  <testcase classname="TestCase_Automation.TestCase" name="afterMethod" time="0">
    <skipped/>
  </testcase>
  <testcase classname="TestCase_Automation.TestCase" name="beforeMethod" time="0.001">
    <skipped/>
  </testcase>
  <testcase classname="TestCase_Automation.TestCase" name="Test1" time="0">
    <skipped/>
  </testcase>
  <testcase classname="TestCase_Automation.TestCase" name="afterMethod" time="0">
    <skipped/>
  </testcase>
  <testcase classname="TestCase_Automation.TestCase" name="beforeMethod" time="0">
    <skipped/>
  </testcase>
  <testcase classname="TestCase_Automation.TestCase" name="Test1" time="0">
    <skipped/>
  </testcase>
  <testcase classname="TestCase_Automation.TestCase" name="afterMethod" time="0.062">
    <skipped/>
  </testcase>
  <testcase classname="TestCase_Automation.TestCase" name="afterClass" time="0.063">
    <skipped/>
  </testcase>
  <testcase classname="TestCase_Automation.TestCase" name="beforeClass" time="0.063">
    <skipped/>
  </testcase>
  <testcase classname="TestCase_Automation.TestCase" name="beforeMethod" time="0.964">
    <skipped/>
  </testcase>
  <testcase classname="TestCase_Automation.TestCase" name="Test1" time="0.009">
    <skipped/>
  </testcase>
  <testcase classname="TestCase_Automation.TestCase" name="afterMethod" time="0.01">
    <skipped/>
  </testcase>
  <testcase classname="TestCase_Automation.TestCase" name="beforeMethod" time="0.011">
    <skipped/>
  </testcase>
  <testcase classname="TestCase_Automation.TestCase" name="Test1" time="0.001">
    <skipped/>
  </testcase>
  <testcase classname="TestCase_Automation.TestCase" name="afterMethod" time="0.002">
    <skipped/>
  </testcase>
  <testcase classname="TestCase_Automation.TestCase" name="beforeMethod" time="0.003">
    <skipped/>
  </testcase>
  <testcase classname="TestCase_Automation.TestCase" name="Test1" time="0.001">
    <skipped/>
  </testcase>
  <testcase classname="TestCase_Automation.TestCase" name="afterMethod" time="0.003">
    <skipped/>
  </testcase>
  <testcase classname="TestCase_Automation.TestCase" name="afterClass" time="0.003">
    <skipped/>
  </testcase>
  <testcase classname="TestCase_Automation.TestCase" name="beforeClass" time="0.021">
    <skipped/>
  </testcase>
  <testcase classname="TestCase_Automation.TestCase" name="beforeMethod" time="0.753">
    <skipped/>
  </testcase>
  <testcase classname="TestCase_Automation.TestCase" name="Test1" time="0.013">
    <skipped/>
  </testcase>
  <testcase classname="TestCase_Automation.TestCase" name="afterMethod" time="0.013">
    <skipped/>
  </testcase>
  <testcase classname="TestCase_Automation.TestCase" name="beforeMethod" time="0.013">
    <skipped/>
  </testcase>
  <testcase classname="TestCase_Automation.TestCase" name="Test1" time="0">
    <skipped/>
  </testcase>
  <testcase classname="TestCase_Automation.TestCase" name="afterMethod" time="0">
    <skipped/>
  </testcase>
  <testcase classname="TestCase_Automation.TestCase" name="beforeMethod" time="0">
    <skipped/>
  </testcase>
  <testcase classname="TestCase_Automation.TestCase" name="Test1" time="0">
    <skipped/>
  </testcase>
  <testcase classname="TestCase_Automation.TestCase" name="afterMethod" time="0">
    <skipped/>
  </testcase>
  <testcase classname="TestCase_Automation.TestCase" name="afterClass" time="0">
    <skipped/>
  </testcase>
</testsuite>